<?xml version="1.0" encoding="UTF-8"?>
<!-- Generated by org.testng.reporters.JUnitReportReporter -->
<testsuite hostname="LT-Harsh" failures="0" tests="1" name="testCases.TC002LoginTestCase" time="2.148" errors="0" timestamp="2025-08-20T11:24:07 IST" skipped="0">
  <testcase classname="testCases.TC002LoginTestCase" name="LoginPage" time="2.148"/>
</testsuite> <!-- testCases.TC002LoginTestCase -->
