<?xml version="1.0" encoding="UTF-8"?>
<!-- Generated by org.testng.reporters.JUnitReportReporter -->
<testsuite hostname="LT-Harsh" failures="0" tests="2" name="testCases.TC001" time="2.340" errors="0" timestamp="2025-08-20T11:24:07 IST" skipped="0">
  <testcase classname="testCases.TC001" name="homePageTestMethod" time="0.794"/>
  <testcase classname="testCases.TC001" name="registerPageTestMethod" time="1.546"/>
</testsuite> <!-- testCases.TC001 -->
